<?xml version="1.0" encoding="UTF-8"?>
<!-- Generated by org.testng.reporters.JUnitReportReporter -->
<testsuite hostname="LAPTOP-0MJRDEEN" failures="0" tests="1" name="TestCases.Extendreportexample" time="0.906" errors="0" timestamp="7 May 2020 12:22:45 GMT">
  <testcase classname="TestCases.Extendreportexample" name="Test2" time="0.906"/>
</testsuite> <!-- TestCases.Extendreportexample -->
