<?xml version="1.0" encoding="UTF-8"?>
<!-- Generated by org.testng.reporters.JUnitReportReporter -->
<testsuite hostname="LAPTOP-0MJRDEEN" failures="0" tests="2" name="TestCases.Testpract" time="0.042" errors="0" timestamp="3 May 2020 22:34:51 GMT">
  <testcase classname="TestCases.Testpract" name="test1" time="0.026"/>
  <testcase classname="TestCases.Testpract" name="test3" time="0.016"/>
</testsuite> <!-- TestCases.Testpract -->
