<?xml version="1.0" encoding="UTF-8"?>
<!-- Generated by org.testng.reporters.JUnitReportReporter -->
<testsuite hostname="LAPTOP-0MJRDEEN" failures="0" tests="2" name="TestCases.aftertest" time="0.088" errors="0" timestamp="30 Apr 2020 08:26:16 GMT">
  <testcase classname="TestCases.aftertest" name="test2" time="0.013"/>
  <testcase classname="TestCases.aftertest" name="test1" time="0.075"/>
</testsuite> <!-- TestCases.aftertest -->
