<?xml version="1.0" encoding="UTF-8"?>
<!-- Generated by org.testng.reporters.JUnitReportReporter -->
<testsuite hostname="LAPTOP-0MJRDEEN" failures="0" tests="2" name="TestCases.Beforetst" time="264.929" errors="0" timestamp="2 May 2020 09:25:11 GMT">
  <testcase classname="TestCases.Beforetst" name="test1" time="132.175"/>
  <testcase classname="TestCases.Beforetst" name="test2" time="132.754"/>
</testsuite> <!-- TestCases.Beforetst -->
