<?xml version="1.0" encoding="UTF-8"?>
<!-- Generated by org.testng.reporters.JUnitReportReporter -->
<testsuite hostname="LAPTOP-0MJRDEEN" failures="0" tests="1" name="TestCases.Prct" time="92.496" errors="0" timestamp="11 May 2020 07:51:23 GMT">
  <testcase classname="TestCases.Prct" name="verifylogin" time="92.496"/>
</testsuite> <!-- TestCases.Prct -->
