<?xml version="1.0" encoding="UTF-8"?>
<!-- Generated by org.testng.reporters.JUnitReportReporter -->
<testsuite hostname="LAPTOP-0MJRDEEN" failures="0" tests="1" name="Automation.AllTestCases" time="27.457" errors="0" timestamp="3 May 2020 22:37:29 GMT">
  <testcase classname="Automation.AllTestCases" name="launchURL" time="27.457"/>
</testsuite> <!-- Automation.AllTestCases -->
