<?xml version="1.0" encoding="UTF-8"?>
<!-- Generated by org.testng.reporters.JUnitReportReporter -->
<testsuite hostname="LAPTOP-0MJRDEEN" failures="0" tests="1" name="TestCases.Screenshotandextreport" time="84.737" errors="0" timestamp="11 May 2020 09:39:24 GMT">
  <testcase classname="TestCases.Screenshotandextreport" name="launchweb" time="84.737"/>
</testsuite> <!-- TestCases.Screenshotandextreport -->
