<?xml version="1.0" encoding="UTF-8"?>
<!-- Generated by org.testng.reporters.JUnitReportReporter -->
<testsuite hostname="LAPTOP-0MJRDEEN" failures="0" tests="3" name="TestCases.Extendreportss$aftest" time="0.022" errors="0" timestamp="5 May 2020 22:39:17 GMT">
  <testcase classname="TestCases.Extendreportss$aftest" name="test" time="0.008"/>
  <testcase classname="TestCases.Extendreportss$aftest" name="test1" time="0.010"/>
  <testcase classname="TestCases.Extendreportss$aftest" name="Launchbrowser" time="0.004"/>
</testsuite> <!-- TestCases.Extendreportss$aftest -->
