<?xml version="1.0" encoding="UTF-8"?>
<!-- Generated by org.testng.reporters.JUnitReportReporter -->
<testsuite hostname="LAPTOP-0MJRDEEN" failures="0" tests="1" name="TestCases.aftest" time="0.000" errors="0" timestamp="3 May 2020 08:02:57 GMT">
  <testcase classname="TestCases.aftest" name="test1" time="0.000"/>
</testsuite> <!-- TestCases.aftest -->
