<?xml version="1.0" encoding="UTF-8"?>
<!-- Generated by org.testng.reporters.JUnitReportReporter -->
<testsuite hostname="LAPTOP-0MJRDEEN" failures="0" tests="4" name="extRepScrShot" time="152.889" errors="0" timestamp="16 May 2020 10:07:58 GMT">
  <testcase classname="extRepScrShot" name="VerifySearchbox" time="29.016"/>
  <testcase classname="extRepScrShot" name="verifyURLLaunch" time="47.292"/>
  <testcase classname="extRepScrShot" name="contactus" time="45.503"/>
  <testcase classname="extRepScrShot" name="verifyCompareusTab" time="31.078"/>
</testsuite> <!-- extRepScrShot -->
