<?xml version="1.0" encoding="UTF-8"?>
<!-- Generated by org.testng.reporters.JUnitReportReporter -->
<testsuite hostname="LAPTOP-0MJRDEEN" failures="0" tests="1" name="Gitbub" time="25.588" errors="0" timestamp="25 May 2020 08:44:25 GMT">
  <testcase classname="Gitbub" name="Launchbroswer" time="25.588"/>
</testsuite> <!-- Gitbub -->
